<?xml version="1.0" encoding="UTF-8"?>
<!-- Generated by org.testng.reporters.JUnitXMLReporter -->
<testsuite ignored="0" hostname="LAPTOP-PMTCCV5S" failures="0" tests="3" name="DivTest" time="0.019" errors="0" timestamp="2022-01-25T13:15:22 IST">
  <testcase classname="CalculatorTests.DivTest" name="DivbyZero" time="0.002"/>
  <testcase classname="CalculatorTests.DivTest" name="DivpositiveTestLong" time="0.002"/>
  <testcase classname="CalculatorTests.DivTest" name="DivpositiveTestLong" time="0.001"/>
</testsuite> <!-- DivTest -->
