<?xml version="1.0" encoding="UTF-8"?>
<!-- Generated by org.testng.reporters.JUnitXMLReporter -->
<testsuite ignored="0" hostname="LAPTOP-PMTCCV5S" failures="0" tests="4" name="SubDoubleTest" time="0.025" errors="0" timestamp="2022-01-25T13:15:22 IST">
  <testcase classname="CalculatorTests.SubDoubleTest" name="subnegativeTestDouble" time="0.003"/>
  <testcase classname="CalculatorTests.SubDoubleTest" name="subnegativeTestDouble" time="0.002"/>
  <testcase classname="CalculatorTests.SubDoubleTest" name="subpositiveTestDouble" time="0.003"/>
  <testcase classname="CalculatorTests.SubDoubleTest" name="subpositiveTestDouble" time="0.001"/>
</testsuite> <!-- SubDoubleTest -->
