<?xml version="1.0" encoding="UTF-8"?>
<!-- Generated by org.testng.reporters.JUnitXMLReporter -->
<testsuite ignored="0" hostname="LAPTOP-PMTCCV5S" failures="0" tests="4" name="SubLongTest" time="0.027" errors="0" timestamp="2022-01-25T13:15:22 IST">
  <testcase classname="CalculatorTests.SubLongTest" name="subnegativeTestLong" time="0.003"/>
  <testcase classname="CalculatorTests.SubLongTest" name="subnegativeTestLong" time="0.002"/>
  <testcase classname="CalculatorTests.SubLongTest" name="subpositiveTestLong" time="0.003"/>
  <testcase classname="CalculatorTests.SubLongTest" name="subpositiveTestLong" time="0.002"/>
</testsuite> <!-- SubLongTest -->
