<?xml version="1.0" encoding="UTF-8"?>
<!-- Generated by org.testng.reporters.JUnitXMLReporter -->
<testsuite ignored="0" hostname="LAPTOP-PMTCCV5S" failures="0" tests="9" name="SubTest" time="0.042" errors="0" timestamp="2022-01-03T14:58:49 IST">
  <testcase classname="CalculatorTests.SubDoubleTest" name="subTestDouble" time="0.003"/>
  <testcase classname="CalculatorTests.SubDoubleTest" name="subTestDouble" time="0.002"/>
  <testcase classname="CalculatorTests.SubDoubleTest" name="subTestDouble" time="0.001"/>
  <testcase classname="CalculatorTests.SubLongTest" name="subTestLong" time="0.002"/>
  <testcase classname="CalculatorTests.SubLongTest" name="subTestLong" time="0.002"/>
  <testcase classname="CalculatorTests.SubLongTest" name="subTestLong" time="0.002"/>
  <testcase classname="CalculatorTests.SubLongTest" name="subTestLong" time="0.002"/>
  <testcase classname="CalculatorTests.SubLongTest" name="subTestLong" time="0.001"/>
  <testcase classname="CalculatorTests.SubLongTest" name="subTestLong" time="0.003"/>
</testsuite> <!-- SubTest -->
