<?xml version="1.0" encoding="UTF-8"?>
<!-- Generated by org.testng.reporters.JUnitXMLReporter -->
<testsuite ignored="0" hostname="LAPTOP-PMTCCV5S" failures="0" tests="4" name="SumLongTest" time="0.155" errors="0" timestamp="2022-01-25T13:15:22 IST">
  <testcase classname="CalculatorTests.SumLongTest" name="sumnegativeTestLong" time="0.017"/>
  <testcase classname="CalculatorTests.SumLongTest" name="sumnegativeTestLong" time="0.003"/>
  <testcase classname="CalculatorTests.SumLongTest" name="sumpositiveTestLong" time="0.003"/>
  <testcase classname="CalculatorTests.SumLongTest" name="sumpositiveTestLong" time="0.003"/>
</testsuite> <!-- SumLongTest -->
