<?xml version="1.0" encoding="UTF-8"?>
<!-- Generated by org.testng.reporters.JUnitXMLReporter -->
<testsuite ignored="0" hostname="LAPTOP-PMTCCV5S" failures="0" tests="9" name="SumTest" time="0.162" errors="0" timestamp="2022-01-03T14:58:49 IST">
  <testcase classname="CalculatorTests.SumLongTest" name="sumTestLong" time="0.017"/>
  <testcase classname="CalculatorTests.SumLongTest" name="sumTestLong" time="0.003"/>
  <testcase classname="CalculatorTests.SumLongTest" name="sumTestLong" time="0.003"/>
  <testcase classname="CalculatorTests.SumLongTest" name="sumTestLong" time="0.003"/>
  <testcase classname="CalculatorTests.SumLongTest" name="sumTestLong" time="0.002"/>
  <testcase classname="CalculatorTests.SumLongTest" name="sumTestLong" time="0.002"/>
  <testcase classname="CalculatorTests.SumDoubleTest" name="sumTestDouble" time="0.006"/>
  <testcase classname="CalculatorTests.SumDoubleTest" name="sumTestDouble" time="0.002"/>
  <testcase classname="CalculatorTests.SumDoubleTest" name="sumTestDouble" time="0.003"/>
</testsuite> <!-- SumTest -->
