<?xml version="1.0" encoding="UTF-8"?>
<testng-results ignored="0" total="18" passed="18" failed="0" skipped="0">
  <reporter-output>
  </reporter-output>
  <suite started-at="2022-01-03T14:58:49 IST" name="Suite" finished-at="2022-01-03T14:58:49 IST" duration-ms="329">
    <groups>
      <group name="Addition">
        <method signature="SumDoubleTest.sumTestDouble(double,double,double)[pri:0, instance:CalculatorTests.SumDoubleTest@4944252c]" name="sumTestDouble" class="CalculatorTests.SumDoubleTest"/>
        <method signature="SumLongTest.sumTestLong(long,long,long)[pri:0, instance:CalculatorTests.SumLongTest@73ee04c8]" name="sumTestLong" class="CalculatorTests.SumLongTest"/>
      </group> <!-- Addition -->
      <group name="Subtraction">
        <method signature="SubDoubleTest.subTestDouble(double,double,double)[pri:0, instance:CalculatorTests.SubDoubleTest@fa49800]" name="subTestDouble" class="CalculatorTests.SubDoubleTest"/>
        <method signature="SubLongTest.subTestLong(long,long,long)[pri:0, instance:CalculatorTests.SubLongTest@71238fc2]" name="subTestLong" class="CalculatorTests.SubLongTest"/>
      </group> <!-- Subtraction -->
    </groups>
    <test started-at="2022-01-03T14:58:49 IST" name="SumTest" finished-at="2022-01-03T14:58:49 IST" duration-ms="162">
      <class name="CalculatorTests.SumDoubleTest">
        <test-method signature="sumTestDouble(double,double,double)[pri:0, instance:CalculatorTests.SumDoubleTest@4944252c]" started-at="2022-01-03T14:58:49 IST" name="sumTestDouble" data-provider="sumDoubleDataProvider" finished-at="2022-01-03T14:58:49 IST" duration-ms="6" status="PASS">
          <params>
            <param index="0">
              <value>
                <![CDATA[1.5]]>
              </value>
            </param>
            <param index="1">
              <value>
                <![CDATA[2.5]]>
              </value>
            </param>
            <param index="2">
              <value>
                <![CDATA[4.0]]>
              </value>
            </param>
          </params>
          <reporter-output>
          </reporter-output>
        </test-method> <!-- sumTestDouble -->
        <test-method signature="sumTestDouble(double,double,double)[pri:0, instance:CalculatorTests.SumDoubleTest@4944252c]" started-at="2022-01-03T14:58:49 IST" name="sumTestDouble" data-provider="sumDoubleDataProvider" finished-at="2022-01-03T14:58:49 IST" duration-ms="2" status="PASS">
          <params>
            <param index="0">
              <value>
                <![CDATA[-1.5]]>
              </value>
            </param>
            <param index="1">
              <value>
                <![CDATA[-2.5]]>
              </value>
            </param>
            <param index="2">
              <value>
                <![CDATA[-4.0]]>
              </value>
            </param>
          </params>
          <reporter-output>
          </reporter-output>
        </test-method> <!-- sumTestDouble -->
        <test-method signature="sumTestDouble(double,double,double)[pri:0, instance:CalculatorTests.SumDoubleTest@4944252c]" started-at="2022-01-03T14:58:49 IST" name="sumTestDouble" data-provider="sumDoubleDataProvider" finished-at="2022-01-03T14:58:49 IST" duration-ms="3" status="PASS">
          <params>
            <param index="0">
              <value>
                <![CDATA[0]]>
              </value>
            </param>
            <param index="1">
              <value>
                <![CDATA[0]]>
              </value>
            </param>
            <param index="2">
              <value>
                <![CDATA[0.0]]>
              </value>
            </param>
          </params>
          <reporter-output>
          </reporter-output>
        </test-method> <!-- sumTestDouble -->
      </class> <!-- CalculatorTests.SumDoubleTest -->
      <class name="CalculatorTests.SumLongTest">
        <test-method signature="sumTestLong(long,long,long)[pri:0, instance:CalculatorTests.SumLongTest@73ee04c8]" started-at="2022-01-03T14:58:49 IST" name="sumTestLong" data-provider="sumLongDataProvider" finished-at="2022-01-03T14:58:49 IST" duration-ms="17" status="PASS">
          <params>
            <param index="0">
              <value>
                <![CDATA[1]]>
              </value>
            </param>
            <param index="1">
              <value>
                <![CDATA[-1]]>
              </value>
            </param>
            <param index="2">
              <value>
                <![CDATA[0]]>
              </value>
            </param>
          </params>
          <reporter-output>
          </reporter-output>
        </test-method> <!-- sumTestLong -->
        <test-method signature="sumTestLong(long,long,long)[pri:0, instance:CalculatorTests.SumLongTest@73ee04c8]" started-at="2022-01-03T14:58:49 IST" name="sumTestLong" data-provider="sumLongDataProvider" finished-at="2022-01-03T14:58:49 IST" duration-ms="3" status="PASS">
          <params>
            <param index="0">
              <value>
                <![CDATA[-1]]>
              </value>
            </param>
            <param index="1">
              <value>
                <![CDATA[-1]]>
              </value>
            </param>
            <param index="2">
              <value>
                <![CDATA[-2]]>
              </value>
            </param>
          </params>
          <reporter-output>
          </reporter-output>
        </test-method> <!-- sumTestLong -->
        <test-method signature="sumTestLong(long,long,long)[pri:0, instance:CalculatorTests.SumLongTest@73ee04c8]" started-at="2022-01-03T14:58:49 IST" name="sumTestLong" data-provider="sumLongDataProvider" finished-at="2022-01-03T14:58:49 IST" duration-ms="3" status="PASS">
          <params>
            <param index="0">
              <value>
                <![CDATA[0]]>
              </value>
            </param>
            <param index="1">
              <value>
                <![CDATA[0]]>
              </value>
            </param>
            <param index="2">
              <value>
                <![CDATA[0]]>
              </value>
            </param>
          </params>
          <reporter-output>
          </reporter-output>
        </test-method> <!-- sumTestLong -->
        <test-method signature="sumTestLong(long,long,long)[pri:0, instance:CalculatorTests.SumLongTest@73ee04c8]" started-at="2022-01-03T14:58:49 IST" name="sumTestLong" data-provider="sumLongDataProvider" finished-at="2022-01-03T14:58:49 IST" duration-ms="3" status="PASS">
          <params>
            <param index="0">
              <value>
                <![CDATA[-9223372036854775808]]>
              </value>
            </param>
            <param index="1">
              <value>
                <![CDATA[9223372036854775807]]>
              </value>
            </param>
            <param index="2">
              <value>
                <![CDATA[-1]]>
              </value>
            </param>
          </params>
          <reporter-output>
          </reporter-output>
        </test-method> <!-- sumTestLong -->
        <test-method signature="sumTestLong(long,long,long)[pri:0, instance:CalculatorTests.SumLongTest@73ee04c8]" started-at="2022-01-03T14:58:49 IST" name="sumTestLong" data-provider="sumLongDataProvider" finished-at="2022-01-03T14:58:49 IST" duration-ms="2" status="PASS">
          <params>
            <param index="0">
              <value>
                <![CDATA[4611686018427387903]]>
              </value>
            </param>
            <param index="1">
              <value>
                <![CDATA[4611686018427387904]]>
              </value>
            </param>
            <param index="2">
              <value>
                <![CDATA[9223372036854775807]]>
              </value>
            </param>
          </params>
          <reporter-output>
          </reporter-output>
        </test-method> <!-- sumTestLong -->
        <test-method signature="sumTestLong(long,long,long)[pri:0, instance:CalculatorTests.SumLongTest@73ee04c8]" started-at="2022-01-03T14:58:49 IST" name="sumTestLong" data-provider="sumLongDataProvider" finished-at="2022-01-03T14:58:49 IST" duration-ms="2" status="PASS">
          <params>
            <param index="0">
              <value>
                <![CDATA[4611686018427387904]]>
              </value>
            </param>
            <param index="1">
              <value>
                <![CDATA[4611686018427387904]]>
              </value>
            </param>
            <param index="2">
              <value>
                <![CDATA[-9223372036854775808]]>
              </value>
            </param>
          </params>
          <reporter-output>
          </reporter-output>
        </test-method> <!-- sumTestLong -->
      </class> <!-- CalculatorTests.SumLongTest -->
    </test> <!-- SumTest -->
    <test started-at="2022-01-03T14:58:49 IST" name="SubTest" finished-at="2022-01-03T14:58:49 IST" duration-ms="42">
      <class name="CalculatorTests.SubLongTest">
        <test-method signature="subTestLong(long,long,long)[pri:0, instance:CalculatorTests.SubLongTest@71238fc2]" started-at="2022-01-03T14:58:49 IST" name="subTestLong" data-provider="subLongDataProvider" finished-at="2022-01-03T14:58:49 IST" duration-ms="2" status="PASS">
          <params>
            <param index="0">
              <value>
                <![CDATA[1]]>
              </value>
            </param>
            <param index="1">
              <value>
                <![CDATA[-1]]>
              </value>
            </param>
            <param index="2">
              <value>
                <![CDATA[2]]>
              </value>
            </param>
          </params>
          <reporter-output>
          </reporter-output>
        </test-method> <!-- subTestLong -->
        <test-method signature="subTestLong(long,long,long)[pri:0, instance:CalculatorTests.SubLongTest@71238fc2]" started-at="2022-01-03T14:58:49 IST" name="subTestLong" data-provider="subLongDataProvider" finished-at="2022-01-03T14:58:49 IST" duration-ms="2" status="PASS">
          <params>
            <param index="0">
              <value>
                <![CDATA[-1]]>
              </value>
            </param>
            <param index="1">
              <value>
                <![CDATA[-1]]>
              </value>
            </param>
            <param index="2">
              <value>
                <![CDATA[0]]>
              </value>
            </param>
          </params>
          <reporter-output>
          </reporter-output>
        </test-method> <!-- subTestLong -->
        <test-method signature="subTestLong(long,long,long)[pri:0, instance:CalculatorTests.SubLongTest@71238fc2]" started-at="2022-01-03T14:58:49 IST" name="subTestLong" data-provider="subLongDataProvider" finished-at="2022-01-03T14:58:49 IST" duration-ms="2" status="PASS">
          <params>
            <param index="0">
              <value>
                <![CDATA[0]]>
              </value>
            </param>
            <param index="1">
              <value>
                <![CDATA[0]]>
              </value>
            </param>
            <param index="2">
              <value>
                <![CDATA[0]]>
              </value>
            </param>
          </params>
          <reporter-output>
          </reporter-output>
        </test-method> <!-- subTestLong -->
        <test-method signature="subTestLong(long,long,long)[pri:0, instance:CalculatorTests.SubLongTest@71238fc2]" started-at="2022-01-03T14:58:49 IST" name="subTestLong" data-provider="subLongDataProvider" finished-at="2022-01-03T14:58:49 IST" duration-ms="2" status="PASS">
          <params>
            <param index="0">
              <value>
                <![CDATA[-9223372036854775808]]>
              </value>
            </param>
            <param index="1">
              <value>
                <![CDATA[-9223372036854775807]]>
              </value>
            </param>
            <param index="2">
              <value>
                <![CDATA[-1]]>
              </value>
            </param>
          </params>
          <reporter-output>
          </reporter-output>
        </test-method> <!-- subTestLong -->
        <test-method signature="subTestLong(long,long,long)[pri:0, instance:CalculatorTests.SubLongTest@71238fc2]" started-at="2022-01-03T14:58:49 IST" name="subTestLong" data-provider="subLongDataProvider" finished-at="2022-01-03T14:58:49 IST" duration-ms="1" status="PASS">
          <params>
            <param index="0">
              <value>
                <![CDATA[4611686018427387903]]>
              </value>
            </param>
            <param index="1">
              <value>
                <![CDATA[4611686018427387904]]>
              </value>
            </param>
            <param index="2">
              <value>
                <![CDATA[-1]]>
              </value>
            </param>
          </params>
          <reporter-output>
          </reporter-output>
        </test-method> <!-- subTestLong -->
        <test-method signature="subTestLong(long,long,long)[pri:0, instance:CalculatorTests.SubLongTest@71238fc2]" started-at="2022-01-03T14:58:49 IST" name="subTestLong" data-provider="subLongDataProvider" finished-at="2022-01-03T14:58:49 IST" duration-ms="3" status="PASS">
          <params>
            <param index="0">
              <value>
                <![CDATA[4611686018427387904]]>
              </value>
            </param>
            <param index="1">
              <value>
                <![CDATA[4611686018427387904]]>
              </value>
            </param>
            <param index="2">
              <value>
                <![CDATA[0]]>
              </value>
            </param>
          </params>
          <reporter-output>
          </reporter-output>
        </test-method> <!-- subTestLong -->
      </class> <!-- CalculatorTests.SubLongTest -->
      <class name="CalculatorTests.SubDoubleTest">
        <test-method signature="subTestDouble(double,double,double)[pri:0, instance:CalculatorTests.SubDoubleTest@fa49800]" started-at="2022-01-03T14:58:49 IST" name="subTestDouble" data-provider="subDoubleDataProvider" finished-at="2022-01-03T14:58:49 IST" duration-ms="3" status="PASS">
          <params>
            <param index="0">
              <value>
                <![CDATA[1.5]]>
              </value>
            </param>
            <param index="1">
              <value>
                <![CDATA[2.5]]>
              </value>
            </param>
            <param index="2">
              <value>
                <![CDATA[-1.0]]>
              </value>
            </param>
          </params>
          <reporter-output>
          </reporter-output>
        </test-method> <!-- subTestDouble -->
        <test-method signature="subTestDouble(double,double,double)[pri:0, instance:CalculatorTests.SubDoubleTest@fa49800]" started-at="2022-01-03T14:58:49 IST" name="subTestDouble" data-provider="subDoubleDataProvider" finished-at="2022-01-03T14:58:49 IST" duration-ms="2" status="PASS">
          <params>
            <param index="0">
              <value>
                <![CDATA[-1.5]]>
              </value>
            </param>
            <param index="1">
              <value>
                <![CDATA[-2.5]]>
              </value>
            </param>
            <param index="2">
              <value>
                <![CDATA[1.0]]>
              </value>
            </param>
          </params>
          <reporter-output>
          </reporter-output>
        </test-method> <!-- subTestDouble -->
        <test-method signature="subTestDouble(double,double,double)[pri:0, instance:CalculatorTests.SubDoubleTest@fa49800]" started-at="2022-01-03T14:58:49 IST" name="subTestDouble" data-provider="subDoubleDataProvider" finished-at="2022-01-03T14:58:49 IST" duration-ms="1" status="PASS">
          <params>
            <param index="0">
              <value>
                <![CDATA[0]]>
              </value>
            </param>
            <param index="1">
              <value>
                <![CDATA[0]]>
              </value>
            </param>
            <param index="2">
              <value>
                <![CDATA[0.0]]>
              </value>
            </param>
          </params>
          <reporter-output>
          </reporter-output>
        </test-method> <!-- subTestDouble -->
      </class> <!-- CalculatorTests.SubDoubleTest -->
    </test> <!-- SubTest -->
  </suite> <!-- Suite -->
</testng-results>
